<?xml version="1.0" encoding="UTF-8"?>
<coverage generated="1541227761951" clover="3.2.0">
  <project timestamp="1541227761951" name="All files">
    <metrics statements="3" coveredstatements="1" conditionals="0" coveredconditionals="0" methods="4" coveredmethods="1" elements="7" coveredelements="2" complexity="0" loc="3" ncloc="3" packages="2" files="2" classes="2">
      <package name="components">
        <metrics statements="2" coveredstatements="0" conditionals="0" coveredconditionals="0" methods="3" coveredmethods="0"/>
        <file name="header.js" path="/Users/zhouli/mygithub/node-blog-admin/src/components/header.js">
          <metrics statements="2" coveredstatements="0" conditionals="0" coveredconditionals="0" methods="3" coveredmethods="0"/>
          <line num="8" count="0" type="stmt"/>
          <line num="15" count="0" type="stmt"/>
        </file>
      </package>
      <package name="utils">
        <metrics statements="1" coveredstatements="1" conditionals="0" coveredconditionals="0" methods="1" coveredmethods="1"/>
        <file name="add.js" path="/Users/zhouli/mygithub/node-blog-admin/src/utils/add.js">
          <metrics statements="1" coveredstatements="1" conditionals="0" coveredconditionals="0" methods="1" coveredmethods="1"/>
          <line num="5" count="1" type="stmt"/>
        </file>
      </package>
    </metrics>
  </project>
</coverage>
