{"/Users/zhouli/mygithub/node-blog-admin/src/components/header.js": {"path":"/Users/zhouli/mygithub/node-blog-admin/src/components/header.js","statementMap":{"0":{"start":{"line":8,"column":8},"end":{"line":8,"column":16}},"1":{"start":{"line":15,"column":8},"end":{"line":17,"column":16}}},"fnMap":{"0":{"name":"(anonymous_0)","decl":{"start":{"line":7,"column":4},"end":{"line":7,"column":5}},"loc":{"start":{"line":7,"column":17},"end":{"line":10,"column":5}},"line":7},"1":{"name":"(anonymous_1)","decl":{"start":{"line":11,"column":4},"end":{"line":11,"column":5}},"loc":{"start":{"line":11,"column":23},"end":{"line":12,"column":5}},"line":11},"2":{"name":"(anonymous_2)","decl":{"start":{"line":14,"column":13},"end":{"line":14,"column":14}},"loc":{"start":{"line":14,"column":19},"end":{"line":18,"column":5}},"line":14}},"branchMap":{},"s":{"0":0,"1":0},"f":{"0":0,"1":0,"2":0},"b":{},"_coverageSchema":"332fd63041d2c1bcb487cc26dd0d5f7d97098a6c","hash":"6469d2fe292c584ae47b7854b26c7eaef8f87779"}
,"/Users/zhouli/mygithub/node-blog-admin/src/utils/add.js": {"path":"/Users/zhouli/mygithub/node-blog-admin/src/utils/add.js","statementMap":{"0":{"start":{"line":5,"column":4},"end":{"line":5,"column":15}}},"fnMap":{"0":{"name":"add","decl":{"start":{"line":4,"column":24},"end":{"line":4,"column":27}},"loc":{"start":{"line":4,"column":33},"end":{"line":6,"column":1}},"line":4}},"branchMap":{},"s":{"0":1},"f":{"0":1},"b":{},"_coverageSchema":"332fd63041d2c1bcb487cc26dd0d5f7d97098a6c","hash":"cdb265089da40aebbe5658e6d08ad70bcbe350cb"}
}
